INFO:apscheduler.scheduler:Adding job tentatively -- it will be properly scheduled when the scheduler starts
INFO:apscheduler.scheduler:Added job "clearDataBase" to job store "default"
INFO:apscheduler.scheduler:Scheduler started
INFO:aiogram.dispatcher:Start polling
INFO:aiogram.dispatcher:Run polling for bot @teststststs4343_bot id=6876319067 - 'testbot'
INFO:aiogram.event:Update id=279091752 is handled. Duration 735 ms by bot id=6876319067
INFO:aiogram.event:Update id=279091753 is handled. Duration 844 ms by bot id=6876319067
INFO:aiogram.event:Update id=279091754 is handled. Duration 672 ms by bot id=6876319067
INFO:apscheduler.scheduler:Adding job tentatively -- it will be properly scheduled when the scheduler starts
INFO:apscheduler.scheduler:Added job "sendScheduleOnTime" to job store "default"
INFO:apscheduler.scheduler:Scheduler started
INFO:aiogram.event:Update id=279091755 is handled. Duration 311 ms by bot id=6876319067
INFO:aiogram.event:Update id=279091756 is handled. Duration 1171 ms by bot id=6876319067
INFO:aiogram.event:Update id=279091757 is handled. Duration 1155 ms by bot id=6876319067
INFO:aiogram.event:Update id=279091758 is handled. Duration 765 ms by bot id=6876319067
INFO:aiogram.event:Update id=279091759 is handled. Duration 186 ms by bot id=6876319067
INFO:aiogram.event:Update id=279091760 is handled. Duration 1360 ms by bot id=6876319067
INFO:aiogram.event:Update id=279091761 is handled. Duration 172 ms by bot id=6876319067
INFO:aiogram.event:Update id=279091762 is handled. Duration 1313 ms by bot id=6876319067
INFO:aiogram.event:Update id=279091763 is handled. Duration 1202 ms by bot id=6876319067
INFO:aiogram.event:Update id=279091764 is handled. Duration 578 ms by bot id=6876319067
INFO:aiogram.event:Update id=279091765 is handled. Duration 672 ms by bot id=6876319067
INFO:aiogram.event:Update id=279091766 is handled. Duration 875 ms by bot id=6876319067
INFO:aiogram.event:Update id=279091767 is handled. Duration 327 ms by bot id=6876319067
INFO:aiogram.event:Update id=279091768 is handled. Duration 1219 ms by bot id=6876319067
INFO:aiogram.event:Update id=279091769 is handled. Duration 1469 ms by bot id=6876319067
INFO:aiogram.event:Update id=279091770 is handled. Duration 1593 ms by bot id=6876319067
INFO:aiogram.event:Update id=279091771 is handled. Duration 202 ms by bot id=6876319067
INFO:aiogram.event:Update id=279091772 is handled. Duration 1686 ms by bot id=6876319067
INFO:aiogram.event:Update id=279091773 is handled. Duration 155 ms by bot id=6876319067
INFO:aiogram.event:Update id=279091774 is handled. Duration 360 ms by bot id=6876319067
INFO:aiogram.event:Update id=279091775 is handled. Duration 797 ms by bot id=6876319067
INFO:aiogram.event:Update id=279091776 is handled. Duration 233 ms by bot id=6876319067
INFO:aiogram.event:Update id=279091777 is handled. Duration 218 ms by bot id=6876319067
INFO:aiogram.event:Update id=279091778 is handled. Duration 1109 ms by bot id=6876319067
INFO:aiogram.event:Update id=279091779 is handled. Duration 156 ms by bot id=6876319067
INFO:aiogram.event:Update id=279091780 is handled. Duration 140 ms by bot id=6876319067
INFO:aiogram.event:Update id=279091781 is handled. Duration 156 ms by bot id=6876319067
INFO:aiogram.event:Update id=279091782 is handled. Duration 1234 ms by bot id=6876319067
INFO:apscheduler.scheduler:Adding job tentatively -- it will be properly scheduled when the scheduler starts
INFO:apscheduler.scheduler:Added job "clearDataBase" to job store "default"
INFO:apscheduler.scheduler:Scheduler started
INFO:aiogram.dispatcher:Start polling
INFO:aiogram.dispatcher:Run polling for bot @teststststs4343_bot id=6876319067 - 'testbot'
INFO:aiogram.event:Update id=279091783 is handled. Duration 360 ms by bot id=6876319067
INFO:aiogram.event:Update id=279091784 is handled. Duration 828 ms by bot id=6876319067
INFO:aiogram.event:Update id=279091785 is handled. Duration 750 ms by bot id=6876319067
INFO:apscheduler.scheduler:Adding job tentatively -- it will be properly scheduled when the scheduler starts
INFO:apscheduler.scheduler:Added job "sendScheduleOnTime" to job store "default"
INFO:apscheduler.scheduler:Scheduler started
INFO:aiogram.event:Update id=279091786 is handled. Duration 328 ms by bot id=6876319067
INFO:aiogram.event:Update id=279091787 is handled. Duration 1312 ms by bot id=6876319067
INFO:aiogram.event:Update id=279091788 is handled. Duration 1171 ms by bot id=6876319067
INFO:aiogram.event:Update id=279091789 is handled. Duration 843 ms by bot id=6876319067
INFO:aiogram.event:Update id=279091790 is handled. Duration 109 ms by bot id=6876319067
INFO:aiogram.event:Update id=279091791 is handled. Duration 1390 ms by bot id=6876319067
INFO:aiogram.event:Update id=279091792 is handled. Duration 296 ms by bot id=6876319067
INFO:aiogram.event:Update id=279091793 is handled. Duration 1329 ms by bot id=6876319067
INFO:aiogram.event:Update id=279091794 is handled. Duration 1202 ms by bot id=6876319067
INFO:aiogram.event:Update id=279091795 is handled. Duration 188 ms by bot id=6876319067
INFO:aiogram.event:Update id=279091796 is handled. Duration 640 ms by bot id=6876319067
INFO:aiogram.event:Update id=279091797 is handled. Duration 202 ms by bot id=6876319067
INFO:aiogram.event:Update id=279091798 is handled. Duration 125 ms by bot id=6876319067
INFO:aiogram.event:Update id=279091799 is handled. Duration 1328 ms by bot id=6876319067
INFO:aiogram.event:Update id=279091800 is handled. Duration 202 ms by bot id=6876319067
INFO:aiogram.event:Update id=279091801 is handled. Duration 234 ms by bot id=6876319067
INFO:aiogram.event:Update id=279091802 is handled. Duration 640 ms by bot id=6876319067
INFO:aiogram.event:Update id=279091803 is handled. Duration 782 ms by bot id=6876319067
INFO:aiogram.event:Update id=279091804 is handled. Duration 202 ms by bot id=6876319067
INFO:aiogram.event:Update id=279091805 is handled. Duration 1235 ms by bot id=6876319067
INFO:aiogram.event:Update id=279091806 is handled. Duration 1407 ms by bot id=6876319067
INFO:aiogram.event:Update id=279091807 is handled. Duration 1469 ms by bot id=6876319067
INFO:aiogram.event:Update id=279091808 is handled. Duration 219 ms by bot id=6876319067
INFO:aiogram.event:Update id=279091809 is handled. Duration 1405 ms by bot id=6876319067
INFO:aiogram.event:Update id=279091810 is handled. Duration 172 ms by bot id=6876319067
INFO:aiogram.event:Update id=279091811 is handled. Duration 405 ms by bot id=6876319067
INFO:aiogram.event:Update id=279091812 is handled. Duration 610 ms by bot id=6876319067
INFO:aiogram.event:Update id=279091813 is handled. Duration 781 ms by bot id=6876319067
INFO:aiogram.event:Update id=279091814 is handled. Duration 219 ms by bot id=6876319067
INFO:aiogram.event:Update id=279091815 is handled. Duration 125 ms by bot id=6876319067
INFO:aiogram.event:Update id=279091816 is handled. Duration 280 ms by bot id=6876319067
INFO:aiogram.event:Update id=279091817 is handled. Duration 672 ms by bot id=6876319067
INFO:aiogram.event:Update id=279091818 is handled. Duration 625 ms by bot id=6876319067
INFO:aiogram.event:Update id=279091819 is handled. Duration 311 ms by bot id=6876319067
INFO:aiogram.event:Update id=279091820 is handled. Duration 905 ms by bot id=6876319067
INFO:aiogram.event:Update id=279091821 is handled. Duration 765 ms by bot id=6876319067
INFO:aiogram.event:Update id=279091822 is handled. Duration 125 ms by bot id=6876319067
INFO:aiogram.event:Update id=279091823 is handled. Duration 969 ms by bot id=6876319067
